The system is: Linux - 3.10.0-1127.el7.x86_64 - x86_64
Compiling the CXX compiler identification source file "CMakeCXXCompilerId.cpp" succeeded.
Compiler: /usr/local/gcc/7.2.0/bin/c++ 
Build flags: 
Id flags:  

The output was:
0


Compilation of the CXX compiler identification source "CMakeCXXCompilerId.cpp" produced "a.out"

The CXX compiler identification is GNU, found in "/projects/jnorhos/plumberg/EBE-vUSPhydro/EBE-Node/jaki_trento/build/CMakeFiles/3.12.0/CompilerIdCXX/a.out"

Determining if the CXX compiler works passed with the following output:
Change Dir: /projects/jnorhos/plumberg/EBE-vUSPhydro/EBE-Node/jaki_trento/build/CMakeFiles/CMakeTmp

Run Build Command:"/usr/bin/gmake" "cmTC_d0a13/fast"
/usr/bin/gmake -f CMakeFiles/cmTC_d0a13.dir/build.make CMakeFiles/cmTC_d0a13.dir/build
gmake[1]: Entering directory `/projects/jnorhos/plumberg/EBE-vUSPhydro/EBE-Node/jaki_trento/build/CMakeFiles/CMakeTmp'
Building CXX object CMakeFiles/cmTC_d0a13.dir/testCXXCompiler.cxx.o
/usr/local/gcc/7.2.0/bin/c++     -o CMakeFiles/cmTC_d0a13.dir/testCXXCompiler.cxx.o -c /projects/jnorhos/plumberg/EBE-vUSPhydro/EBE-Node/jaki_trento/build/CMakeFiles/CMakeTmp/testCXXCompiler.cxx
Linking CXX executable cmTC_d0a13
/usr/local/cmake/3.12.0/bin/cmake -E cmake_link_script CMakeFiles/cmTC_d0a13.dir/link.txt --verbose=1
/usr/local/gcc/7.2.0/bin/c++       -rdynamic CMakeFiles/cmTC_d0a13.dir/testCXXCompiler.cxx.o  -o cmTC_d0a13 
gmake[1]: Leaving directory `/projects/jnorhos/plumberg/EBE-vUSPhydro/EBE-Node/jaki_trento/build/CMakeFiles/CMakeTmp'


Detecting CXX compiler ABI info compiled with the following output:
Change Dir: /projects/jnorhos/plumberg/EBE-vUSPhydro/EBE-Node/jaki_trento/build/CMakeFiles/CMakeTmp

Run Build Command:"/usr/bin/gmake" "cmTC_1f60a/fast"
/usr/bin/gmake -f CMakeFiles/cmTC_1f60a.dir/build.make CMakeFiles/cmTC_1f60a.dir/build
gmake[1]: Entering directory `/projects/jnorhos/plumberg/EBE-vUSPhydro/EBE-Node/jaki_trento/build/CMakeFiles/CMakeTmp'
Building CXX object CMakeFiles/cmTC_1f60a.dir/CMakeCXXCompilerABI.cpp.o
/usr/local/gcc/7.2.0/bin/c++     -o CMakeFiles/cmTC_1f60a.dir/CMakeCXXCompilerABI.cpp.o -c /usr/local/cmake/3.12.0/share/cmake-3.12/Modules/CMakeCXXCompilerABI.cpp
Linking CXX executable cmTC_1f60a
/usr/local/cmake/3.12.0/bin/cmake -E cmake_link_script CMakeFiles/cmTC_1f60a.dir/link.txt --verbose=1
/usr/local/gcc/7.2.0/bin/c++      -v -rdynamic CMakeFiles/cmTC_1f60a.dir/CMakeCXXCompilerABI.cpp.o  -o cmTC_1f60a 
Using built-in specs.
COLLECT_GCC=/usr/local/gcc/7.2.0/bin/c++
COLLECT_LTO_WRAPPER=/usr/local/gcc/7.2.0/libexec/gcc/x86_64-pc-linux-gnu/7.2.0/lto-wrapper
Target: x86_64-pc-linux-gnu
Configured with: ../gcc-7.2.0/configure --with-gmp=/usr/local/gmp/6.1.0 --with-mpfr=/usr/local/mpfr/3.1.4 --with-mpc=/usr/local/mpc/1.0.3 --with-cloog=/usr/local/cloog/ --with-isl=/usr/local/isl/0.16.1 --enable-cloog-backend=isl --prefix=/usr/local/gcc/7.2.0
Thread model: posix
gcc version 7.2.0 (GCC) 
COMPILER_PATH=/usr/local/gcc/7.2.0/libexec/gcc/x86_64-pc-linux-gnu/7.2.0/:/usr/local/gcc/7.2.0/libexec/gcc/x86_64-pc-linux-gnu/7.2.0/:/usr/local/gcc/7.2.0/libexec/gcc/x86_64-pc-linux-gnu/:/usr/local/gcc/7.2.0/lib/gcc/x86_64-pc-linux-gnu/7.2.0/:/usr/local/gcc/7.2.0/lib/gcc/x86_64-pc-linux-gnu/
LIBRARY_PATH=/usr/local/gcc/7.2.0/lib64/../lib64/:/usr/local/gcc/7.2.0/lib/../lib64/:/usr/local/gcc/7.2.0/lib/gcc/x86_64-pc-linux-gnu/7.2.0/:/usr/local/gcc/7.2.0/lib/gcc/x86_64-pc-linux-gnu/7.2.0/../../../../lib64/:/lib/../lib64/:/usr/lib/../lib64/:/usr/local/intel/parallel_studio_xe_2018/clck/2018.1/lib/intel64/:/usr/local/intel/parallel_studio_xe_2018/compilers_and_libraries_2018.1.163/linux/ipp/lib/intel64/:/usr/local/intel/parallel_studio_xe_2018/compilers_and_libraries_2018.1.163/linux/compiler/lib/intel64_lin/:/usr/local/intel/parallel_studio_xe_2018/compilers_and_libraries_2018.1.163/linux/mkl/lib/intel64_lin/:/usr/local/intel/parallel_studio_xe_2018/compilers_and_libraries_2018.1.163/linux/tbb/lib/intel64/gcc4.4/:/usr/local/intel/parallel_studio_xe_2018/compilers_and_libraries_2018.1.163/linux/tbb/lib/intel64/gcc4.4/:/usr/local/intel/parallel_studio_xe_2018/compilers_and_libraries_2018.1.163/linux/daal/lib/intel64_lin/:/usr/local/gcc/7.2.0/lib64/:/usr/local/gcc/7.2.0/lib/:/usr/local/gcc/7.2.0/lib/gcc/x86_64-pc-linux-gnu/7.2.0/../../../:/lib/:/usr/lib/
COLLECT_GCC_OPTIONS='-v' '-rdynamic' '-o' 'cmTC_1f60a' '-shared-libgcc' '-mtune=generic' '-march=x86-64'
 /usr/local/gcc/7.2.0/libexec/gcc/x86_64-pc-linux-gnu/7.2.0/collect2 -plugin /usr/local/gcc/7.2.0/libexec/gcc/x86_64-pc-linux-gnu/7.2.0/liblto_plugin.so -plugin-opt=/usr/local/gcc/7.2.0/libexec/gcc/x86_64-pc-linux-gnu/7.2.0/lto-wrapper -plugin-opt=-fresolution=/tmp/ccOTgGF8.res -plugin-opt=-pass-through=-lgcc_s -plugin-opt=-pass-through=-lgcc -plugin-opt=-pass-through=-lc -plugin-opt=-pass-through=-lgcc_s -plugin-opt=-pass-through=-lgcc --eh-frame-hdr -m elf_x86_64 -export-dynamic -dynamic-linker /lib64/ld-linux-x86-64.so.2 -o cmTC_1f60a /lib/../lib64/crt1.o /lib/../lib64/crti.o /usr/local/gcc/7.2.0/lib/gcc/x86_64-pc-linux-gnu/7.2.0/crtbegin.o -L/usr/local/gcc/7.2.0/lib64/../lib64 -L/usr/local/gcc/7.2.0/lib/../lib64 -L/usr/local/gcc/7.2.0/lib/gcc/x86_64-pc-linux-gnu/7.2.0 -L/usr/local/gcc/7.2.0/lib/gcc/x86_64-pc-linux-gnu/7.2.0/../../../../lib64 -L/lib/../lib64 -L/usr/lib/../lib64 -L/usr/local/intel/parallel_studio_xe_2018/clck/2018.1/lib/intel64 -L/usr/local/intel/parallel_studio_xe_2018/compilers_and_libraries_2018.1.163/linux/ipp/lib/intel64 -L/usr/local/intel/parallel_studio_xe_2018/compilers_and_libraries_2018.1.163/linux/compiler/lib/intel64_lin -L/usr/local/intel/parallel_studio_xe_2018/compilers_and_libraries_2018.1.163/linux/mkl/lib/intel64_lin -L/usr/local/intel/parallel_studio_xe_2018/compilers_and_libraries_2018.1.163/linux/tbb/lib/intel64/gcc4.4 -L/usr/local/intel/parallel_studio_xe_2018/compilers_and_libraries_2018.1.163/linux/tbb/lib/intel64/gcc4.4 -L/usr/local/intel/parallel_studio_xe_2018/compilers_and_libraries_2018.1.163/linux/daal/lib/intel64_lin -L/usr/local/gcc/7.2.0/lib64 -L/usr/local/gcc/7.2.0/lib -L/usr/local/gcc/7.2.0/lib/gcc/x86_64-pc-linux-gnu/7.2.0/../../.. CMakeFiles/cmTC_1f60a.dir/CMakeCXXCompilerABI.cpp.o -lstdc++ -lm -lgcc_s -lgcc -lc -lgcc_s -lgcc /usr/local/gcc/7.2.0/lib/gcc/x86_64-pc-linux-gnu/7.2.0/crtend.o /lib/../lib64/crtn.o
COLLECT_GCC_OPTIONS='-v' '-rdynamic' '-o' 'cmTC_1f60a' '-shared-libgcc' '-mtune=generic' '-march=x86-64'
gmake[1]: Leaving directory `/projects/jnorhos/plumberg/EBE-vUSPhydro/EBE-Node/jaki_trento/build/CMakeFiles/CMakeTmp'


Parsed CXX implicit link information from above output:
  link line regex: [^( *|.*[/\])(ld|CMAKE_LINK_STARTFILE-NOTFOUND|([^/\]+-)?ld|collect2)[^/\]*( |$)]
  ignore line: [Change Dir: /projects/jnorhos/plumberg/EBE-vUSPhydro/EBE-Node/jaki_trento/build/CMakeFiles/CMakeTmp]
  ignore line: []
  ignore line: [Run Build Command:"/usr/bin/gmake" "cmTC_1f60a/fast"]
  ignore line: [/usr/bin/gmake -f CMakeFiles/cmTC_1f60a.dir/build.make CMakeFiles/cmTC_1f60a.dir/build]
  ignore line: [gmake[1]: Entering directory `/projects/jnorhos/plumberg/EBE-vUSPhydro/EBE-Node/jaki_trento/build/CMakeFiles/CMakeTmp']
  ignore line: [Building CXX object CMakeFiles/cmTC_1f60a.dir/CMakeCXXCompilerABI.cpp.o]
  ignore line: [/usr/local/gcc/7.2.0/bin/c++     -o CMakeFiles/cmTC_1f60a.dir/CMakeCXXCompilerABI.cpp.o -c /usr/local/cmake/3.12.0/share/cmake-3.12/Modules/CMakeCXXCompilerABI.cpp]
  ignore line: [Linking CXX executable cmTC_1f60a]
  ignore line: [/usr/local/cmake/3.12.0/bin/cmake -E cmake_link_script CMakeFiles/cmTC_1f60a.dir/link.txt --verbose=1]
  ignore line: [/usr/local/gcc/7.2.0/bin/c++      -v -rdynamic CMakeFiles/cmTC_1f60a.dir/CMakeCXXCompilerABI.cpp.o  -o cmTC_1f60a ]
  ignore line: [Using built-in specs.]
  ignore line: [COLLECT_GCC=/usr/local/gcc/7.2.0/bin/c++]
  ignore line: [COLLECT_LTO_WRAPPER=/usr/local/gcc/7.2.0/libexec/gcc/x86_64-pc-linux-gnu/7.2.0/lto-wrapper]
  ignore line: [Target: x86_64-pc-linux-gnu]
  ignore line: [Configured with: ../gcc-7.2.0/configure --with-gmp=/usr/local/gmp/6.1.0 --with-mpfr=/usr/local/mpfr/3.1.4 --with-mpc=/usr/local/mpc/1.0.3 --with-cloog=/usr/local/cloog/ --with-isl=/usr/local/isl/0.16.1 --enable-cloog-backend=isl --prefix=/usr/local/gcc/7.2.0]
  ignore line: [Thread model: posix]
  ignore line: [gcc version 7.2.0 (GCC) ]
  ignore line: [COMPILER_PATH=/usr/local/gcc/7.2.0/libexec/gcc/x86_64-pc-linux-gnu/7.2.0/:/usr/local/gcc/7.2.0/libexec/gcc/x86_64-pc-linux-gnu/7.2.0/:/usr/local/gcc/7.2.0/libexec/gcc/x86_64-pc-linux-gnu/:/usr/local/gcc/7.2.0/lib/gcc/x86_64-pc-linux-gnu/7.2.0/:/usr/local/gcc/7.2.0/lib/gcc/x86_64-pc-linux-gnu/]
  ignore line: [LIBRARY_PATH=/usr/local/gcc/7.2.0/lib64/../lib64/:/usr/local/gcc/7.2.0/lib/../lib64/:/usr/local/gcc/7.2.0/lib/gcc/x86_64-pc-linux-gnu/7.2.0/:/usr/local/gcc/7.2.0/lib/gcc/x86_64-pc-linux-gnu/7.2.0/../../../../lib64/:/lib/../lib64/:/usr/lib/../lib64/:/usr/local/intel/parallel_studio_xe_2018/clck/2018.1/lib/intel64/:/usr/local/intel/parallel_studio_xe_2018/compilers_and_libraries_2018.1.163/linux/ipp/lib/intel64/:/usr/local/intel/parallel_studio_xe_2018/compilers_and_libraries_2018.1.163/linux/compiler/lib/intel64_lin/:/usr/local/intel/parallel_studio_xe_2018/compilers_and_libraries_2018.1.163/linux/mkl/lib/intel64_lin/:/usr/local/intel/parallel_studio_xe_2018/compilers_and_libraries_2018.1.163/linux/tbb/lib/intel64/gcc4.4/:/usr/local/intel/parallel_studio_xe_2018/compilers_and_libraries_2018.1.163/linux/tbb/lib/intel64/gcc4.4/:/usr/local/intel/parallel_studio_xe_2018/compilers_and_libraries_2018.1.163/linux/daal/lib/intel64_lin/:/usr/local/gcc/7.2.0/lib64/:/usr/local/gcc/7.2.0/lib/:/usr/local/gcc/7.2.0/lib/gcc/x86_64-pc-linux-gnu/7.2.0/../../../:/lib/:/usr/lib/]
  ignore line: [COLLECT_GCC_OPTIONS='-v' '-rdynamic' '-o' 'cmTC_1f60a' '-shared-libgcc' '-mtune=generic' '-march=x86-64']
  link line: [ /usr/local/gcc/7.2.0/libexec/gcc/x86_64-pc-linux-gnu/7.2.0/collect2 -plugin /usr/local/gcc/7.2.0/libexec/gcc/x86_64-pc-linux-gnu/7.2.0/liblto_plugin.so -plugin-opt=/usr/local/gcc/7.2.0/libexec/gcc/x86_64-pc-linux-gnu/7.2.0/lto-wrapper -plugin-opt=-fresolution=/tmp/ccOTgGF8.res -plugin-opt=-pass-through=-lgcc_s -plugin-opt=-pass-through=-lgcc -plugin-opt=-pass-through=-lc -plugin-opt=-pass-through=-lgcc_s -plugin-opt=-pass-through=-lgcc --eh-frame-hdr -m elf_x86_64 -export-dynamic -dynamic-linker /lib64/ld-linux-x86-64.so.2 -o cmTC_1f60a /lib/../lib64/crt1.o /lib/../lib64/crti.o /usr/local/gcc/7.2.0/lib/gcc/x86_64-pc-linux-gnu/7.2.0/crtbegin.o -L/usr/local/gcc/7.2.0/lib64/../lib64 -L/usr/local/gcc/7.2.0/lib/../lib64 -L/usr/local/gcc/7.2.0/lib/gcc/x86_64-pc-linux-gnu/7.2.0 -L/usr/local/gcc/7.2.0/lib/gcc/x86_64-pc-linux-gnu/7.2.0/../../../../lib64 -L/lib/../lib64 -L/usr/lib/../lib64 -L/usr/local/intel/parallel_studio_xe_2018/clck/2018.1/lib/intel64 -L/usr/local/intel/parallel_studio_xe_2018/compilers_and_libraries_2018.1.163/linux/ipp/lib/intel64 -L/usr/local/intel/parallel_studio_xe_2018/compilers_and_libraries_2018.1.163/linux/compiler/lib/intel64_lin -L/usr/local/intel/parallel_studio_xe_2018/compilers_and_libraries_2018.1.163/linux/mkl/lib/intel64_lin -L/usr/local/intel/parallel_studio_xe_2018/compilers_and_libraries_2018.1.163/linux/tbb/lib/intel64/gcc4.4 -L/usr/local/intel/parallel_studio_xe_2018/compilers_and_libraries_2018.1.163/linux/tbb/lib/intel64/gcc4.4 -L/usr/local/intel/parallel_studio_xe_2018/compilers_and_libraries_2018.1.163/linux/daal/lib/intel64_lin -L/usr/local/gcc/7.2.0/lib64 -L/usr/local/gcc/7.2.0/lib -L/usr/local/gcc/7.2.0/lib/gcc/x86_64-pc-linux-gnu/7.2.0/../../.. CMakeFiles/cmTC_1f60a.dir/CMakeCXXCompilerABI.cpp.o -lstdc++ -lm -lgcc_s -lgcc -lc -lgcc_s -lgcc /usr/local/gcc/7.2.0/lib/gcc/x86_64-pc-linux-gnu/7.2.0/crtend.o /lib/../lib64/crtn.o]
    arg [/usr/local/gcc/7.2.0/libexec/gcc/x86_64-pc-linux-gnu/7.2.0/collect2] ==> ignore
    arg [-plugin] ==> ignore
    arg [/usr/local/gcc/7.2.0/libexec/gcc/x86_64-pc-linux-gnu/7.2.0/liblto_plugin.so] ==> ignore
    arg [-plugin-opt=/usr/local/gcc/7.2.0/libexec/gcc/x86_64-pc-linux-gnu/7.2.0/lto-wrapper] ==> ignore
    arg [-plugin-opt=-fresolution=/tmp/ccOTgGF8.res] ==> ignore
    arg [-plugin-opt=-pass-through=-lgcc_s] ==> ignore
    arg [-plugin-opt=-pass-through=-lgcc] ==> ignore
    arg [-plugin-opt=-pass-through=-lc] ==> ignore
    arg [-plugin-opt=-pass-through=-lgcc_s] ==> ignore
    arg [-plugin-opt=-pass-through=-lgcc] ==> ignore
    arg [--eh-frame-hdr] ==> ignore
    arg [-m] ==> ignore
    arg [elf_x86_64] ==> ignore
    arg [-export-dynamic] ==> ignore
    arg [-dynamic-linker] ==> ignore
    arg [/lib64/ld-linux-x86-64.so.2] ==> ignore
    arg [-o] ==> ignore
    arg [cmTC_1f60a] ==> ignore
    arg [/lib/../lib64/crt1.o] ==> ignore
    arg [/lib/../lib64/crti.o] ==> ignore
    arg [/usr/local/gcc/7.2.0/lib/gcc/x86_64-pc-linux-gnu/7.2.0/crtbegin.o] ==> ignore
    arg [-L/usr/local/gcc/7.2.0/lib64/../lib64] ==> dir [/usr/local/gcc/7.2.0/lib64/../lib64]
    arg [-L/usr/local/gcc/7.2.0/lib/../lib64] ==> dir [/usr/local/gcc/7.2.0/lib/../lib64]
    arg [-L/usr/local/gcc/7.2.0/lib/gcc/x86_64-pc-linux-gnu/7.2.0] ==> dir [/usr/local/gcc/7.2.0/lib/gcc/x86_64-pc-linux-gnu/7.2.0]
    arg [-L/usr/local/gcc/7.2.0/lib/gcc/x86_64-pc-linux-gnu/7.2.0/../../../../lib64] ==> dir [/usr/local/gcc/7.2.0/lib/gcc/x86_64-pc-linux-gnu/7.2.0/../../../../lib64]
    arg [-L/lib/../lib64] ==> dir [/lib/../lib64]
    arg [-L/usr/lib/../lib64] ==> dir [/usr/lib/../lib64]
    arg [-L/usr/local/intel/parallel_studio_xe_2018/clck/2018.1/lib/intel64] ==> dir [/usr/local/intel/parallel_studio_xe_2018/clck/2018.1/lib/intel64]
    arg [-L/usr/local/intel/parallel_studio_xe_2018/compilers_and_libraries_2018.1.163/linux/ipp/lib/intel64] ==> dir [/usr/local/intel/parallel_studio_xe_2018/compilers_and_libraries_2018.1.163/linux/ipp/lib/intel64]
    arg [-L/usr/local/intel/parallel_studio_xe_2018/compilers_and_libraries_2018.1.163/linux/compiler/lib/intel64_lin] ==> dir [/usr/local/intel/parallel_studio_xe_2018/compilers_and_libraries_2018.1.163/linux/compiler/lib/intel64_lin]
    arg [-L/usr/local/intel/parallel_studio_xe_2018/compilers_and_libraries_2018.1.163/linux/mkl/lib/intel64_lin] ==> dir [/usr/local/intel/parallel_studio_xe_2018/compilers_and_libraries_2018.1.163/linux/mkl/lib/intel64_lin]
    arg [-L/usr/local/intel/parallel_studio_xe_2018/compilers_and_libraries_2018.1.163/linux/tbb/lib/intel64/gcc4.4] ==> dir [/usr/local/intel/parallel_studio_xe_2018/compilers_and_libraries_2018.1.163/linux/tbb/lib/intel64/gcc4.4]
    arg [-L/usr/local/intel/parallel_studio_xe_2018/compilers_and_libraries_2018.1.163/linux/tbb/lib/intel64/gcc4.4] ==> dir [/usr/local/intel/parallel_studio_xe_2018/compilers_and_libraries_2018.1.163/linux/tbb/lib/intel64/gcc4.4]
    arg [-L/usr/local/intel/parallel_studio_xe_2018/compilers_and_libraries_2018.1.163/linux/daal/lib/intel64_lin] ==> dir [/usr/local/intel/parallel_studio_xe_2018/compilers_and_libraries_2018.1.163/linux/daal/lib/intel64_lin]
    arg [-L/usr/local/gcc/7.2.0/lib64] ==> dir [/usr/local/gcc/7.2.0/lib64]
    arg [-L/usr/local/gcc/7.2.0/lib] ==> dir [/usr/local/gcc/7.2.0/lib]
    arg [-L/usr/local/gcc/7.2.0/lib/gcc/x86_64-pc-linux-gnu/7.2.0/../../..] ==> dir [/usr/local/gcc/7.2.0/lib/gcc/x86_64-pc-linux-gnu/7.2.0/../../..]
    arg [CMakeFiles/cmTC_1f60a.dir/CMakeCXXCompilerABI.cpp.o] ==> ignore
    arg [-lstdc++] ==> lib [stdc++]
    arg [-lm] ==> lib [m]
    arg [-lgcc_s] ==> lib [gcc_s]
    arg [-lgcc] ==> lib [gcc]
    arg [-lc] ==> lib [c]
    arg [-lgcc_s] ==> lib [gcc_s]
    arg [-lgcc] ==> lib [gcc]
    arg [/usr/local/gcc/7.2.0/lib/gcc/x86_64-pc-linux-gnu/7.2.0/crtend.o] ==> ignore
    arg [/lib/../lib64/crtn.o] ==> ignore
  collapse library dir [/usr/local/gcc/7.2.0/lib64/../lib64] ==> [/usr/local/gcc/7.2.0/lib64]
  collapse library dir [/usr/local/gcc/7.2.0/lib/../lib64] ==> [/usr/local/gcc/7.2.0/lib64]
  collapse library dir [/usr/local/gcc/7.2.0/lib/gcc/x86_64-pc-linux-gnu/7.2.0] ==> [/usr/local/gcc/7.2.0/lib/gcc/x86_64-pc-linux-gnu/7.2.0]
  collapse library dir [/usr/local/gcc/7.2.0/lib/gcc/x86_64-pc-linux-gnu/7.2.0/../../../../lib64] ==> [/usr/local/gcc/7.2.0/lib64]
  collapse library dir [/lib/../lib64] ==> [/lib64]
  collapse library dir [/usr/lib/../lib64] ==> [/usr/lib64]
  collapse library dir [/usr/local/intel/parallel_studio_xe_2018/clck/2018.1/lib/intel64] ==> [/usr/local/intel/parallel_studio_xe_2018/clck/2018.1/lib/intel64]
  collapse library dir [/usr/local/intel/parallel_studio_xe_2018/compilers_and_libraries_2018.1.163/linux/ipp/lib/intel64] ==> [/usr/local/intel/parallel_studio_xe_2018/compilers_and_libraries_2018.1.163/linux/ipp/lib/intel64]
  collapse library dir [/usr/local/intel/parallel_studio_xe_2018/compilers_and_libraries_2018.1.163/linux/compiler/lib/intel64_lin] ==> [/usr/local/intel/parallel_studio_xe_2018/compilers_and_libraries_2018.1.163/linux/compiler/lib/intel64_lin]
  collapse library dir [/usr/local/intel/parallel_studio_xe_2018/compilers_and_libraries_2018.1.163/linux/mkl/lib/intel64_lin] ==> [/usr/local/intel/parallel_studio_xe_2018/compilers_and_libraries_2018.1.163/linux/mkl/lib/intel64_lin]
  collapse library dir [/usr/local/intel/parallel_studio_xe_2018/compilers_and_libraries_2018.1.163/linux/tbb/lib/intel64/gcc4.4] ==> [/usr/local/intel/parallel_studio_xe_2018/compilers_and_libraries_2018.1.163/linux/tbb/lib/intel64/gcc4.4]
  collapse library dir [/usr/local/intel/parallel_studio_xe_2018/compilers_and_libraries_2018.1.163/linux/tbb/lib/intel64/gcc4.4] ==> [/usr/local/intel/parallel_studio_xe_2018/compilers_and_libraries_2018.1.163/linux/tbb/lib/intel64/gcc4.4]
  collapse library dir [/usr/local/intel/parallel_studio_xe_2018/compilers_and_libraries_2018.1.163/linux/daal/lib/intel64_lin] ==> [/usr/local/intel/parallel_studio_xe_2018/compilers_and_libraries_2018.1.163/linux/daal/lib/intel64_lin]
  collapse library dir [/usr/local/gcc/7.2.0/lib64] ==> [/usr/local/gcc/7.2.0/lib64]
  collapse library dir [/usr/local/gcc/7.2.0/lib] ==> [/usr/local/gcc/7.2.0/lib]
  collapse library dir [/usr/local/gcc/7.2.0/lib/gcc/x86_64-pc-linux-gnu/7.2.0/../../..] ==> [/usr/local/gcc/7.2.0/lib]
  implicit libs: [stdc++;m;gcc_s;gcc;c;gcc_s;gcc]
  implicit dirs: [/usr/local/gcc/7.2.0/lib64;/usr/local/gcc/7.2.0/lib/gcc/x86_64-pc-linux-gnu/7.2.0;/lib64;/usr/lib64;/usr/local/intel/parallel_studio_xe_2018/clck/2018.1/lib/intel64;/usr/local/intel/parallel_studio_xe_2018/compilers_and_libraries_2018.1.163/linux/ipp/lib/intel64;/usr/local/intel/parallel_studio_xe_2018/compilers_and_libraries_2018.1.163/linux/compiler/lib/intel64_lin;/usr/local/intel/parallel_studio_xe_2018/compilers_and_libraries_2018.1.163/linux/mkl/lib/intel64_lin;/usr/local/intel/parallel_studio_xe_2018/compilers_and_libraries_2018.1.163/linux/tbb/lib/intel64/gcc4.4;/usr/local/intel/parallel_studio_xe_2018/compilers_and_libraries_2018.1.163/linux/daal/lib/intel64_lin;/usr/local/gcc/7.2.0/lib]
  implicit fwks: []




Detecting CXX [-std=c++1z] compiler features compiled with the following output:
Change Dir: /projects/jnorhos/plumberg/EBE-vUSPhydro/EBE-Node/jaki_trento/build/CMakeFiles/CMakeTmp

Run Build Command:"/usr/bin/gmake" "cmTC_a519d/fast"
/usr/bin/gmake -f CMakeFiles/cmTC_a519d.dir/build.make CMakeFiles/cmTC_a519d.dir/build
gmake[1]: Entering directory `/projects/jnorhos/plumberg/EBE-vUSPhydro/EBE-Node/jaki_trento/build/CMakeFiles/CMakeTmp'
Building CXX object CMakeFiles/cmTC_a519d.dir/feature_tests.cxx.o
/usr/local/gcc/7.2.0/bin/c++    -std=c++1z -o CMakeFiles/cmTC_a519d.dir/feature_tests.cxx.o -c /projects/jnorhos/plumberg/EBE-vUSPhydro/EBE-Node/jaki_trento/build/CMakeFiles/feature_tests.cxx
Linking CXX executable cmTC_a519d
/usr/local/cmake/3.12.0/bin/cmake -E cmake_link_script CMakeFiles/cmTC_a519d.dir/link.txt --verbose=1
/usr/local/gcc/7.2.0/bin/c++       -rdynamic CMakeFiles/cmTC_a519d.dir/feature_tests.cxx.o  -o cmTC_a519d 
gmake[1]: Leaving directory `/projects/jnorhos/plumberg/EBE-vUSPhydro/EBE-Node/jaki_trento/build/CMakeFiles/CMakeTmp'


    Feature record: CXX_FEATURE:1cxx_aggregate_default_initializers
    Feature record: CXX_FEATURE:1cxx_alias_templates
    Feature record: CXX_FEATURE:1cxx_alignas
    Feature record: CXX_FEATURE:1cxx_alignof
    Feature record: CXX_FEATURE:1cxx_attributes
    Feature record: CXX_FEATURE:1cxx_attribute_deprecated
    Feature record: CXX_FEATURE:1cxx_auto_type
    Feature record: CXX_FEATURE:1cxx_binary_literals
    Feature record: CXX_FEATURE:1cxx_constexpr
    Feature record: CXX_FEATURE:1cxx_contextual_conversions
    Feature record: CXX_FEATURE:1cxx_decltype
    Feature record: CXX_FEATURE:1cxx_decltype_auto
    Feature record: CXX_FEATURE:1cxx_decltype_incomplete_return_types
    Feature record: CXX_FEATURE:1cxx_default_function_template_args
    Feature record: CXX_FEATURE:1cxx_defaulted_functions
    Feature record: CXX_FEATURE:1cxx_defaulted_move_initializers
    Feature record: CXX_FEATURE:1cxx_delegating_constructors
    Feature record: CXX_FEATURE:1cxx_deleted_functions
    Feature record: CXX_FEATURE:1cxx_digit_separators
    Feature record: CXX_FEATURE:1cxx_enum_forward_declarations
    Feature record: CXX_FEATURE:1cxx_explicit_conversions
    Feature record: CXX_FEATURE:1cxx_extended_friend_declarations
    Feature record: CXX_FEATURE:1cxx_extern_templates
    Feature record: CXX_FEATURE:1cxx_final
    Feature record: CXX_FEATURE:1cxx_func_identifier
    Feature record: CXX_FEATURE:1cxx_generalized_initializers
    Feature record: CXX_FEATURE:1cxx_generic_lambdas
    Feature record: CXX_FEATURE:1cxx_inheriting_constructors
    Feature record: CXX_FEATURE:1cxx_inline_namespaces
    Feature record: CXX_FEATURE:1cxx_lambdas
    Feature record: CXX_FEATURE:1cxx_lambda_init_captures
    Feature record: CXX_FEATURE:1cxx_local_type_template_args
    Feature record: CXX_FEATURE:1cxx_long_long_type
    Feature record: CXX_FEATURE:1cxx_noexcept
    Feature record: CXX_FEATURE:1cxx_nonstatic_member_init
    Feature record: CXX_FEATURE:1cxx_nullptr
    Feature record: CXX_FEATURE:1cxx_override
    Feature record: CXX_FEATURE:1cxx_range_for
    Feature record: CXX_FEATURE:1cxx_raw_string_literals
    Feature record: CXX_FEATURE:1cxx_reference_qualified_functions
    Feature record: CXX_FEATURE:1cxx_relaxed_constexpr
    Feature record: CXX_FEATURE:1cxx_return_type_deduction
    Feature record: CXX_FEATURE:1cxx_right_angle_brackets
    Feature record: CXX_FEATURE:1cxx_rvalue_references
    Feature record: CXX_FEATURE:1cxx_sizeof_member
    Feature record: CXX_FEATURE:1cxx_static_assert
    Feature record: CXX_FEATURE:1cxx_strong_enums
    Feature record: CXX_FEATURE:1cxx_template_template_parameters
    Feature record: CXX_FEATURE:1cxx_thread_local
    Feature record: CXX_FEATURE:1cxx_trailing_return_types
    Feature record: CXX_FEATURE:1cxx_unicode_literals
    Feature record: CXX_FEATURE:1cxx_uniform_initialization
    Feature record: CXX_FEATURE:1cxx_unrestricted_unions
    Feature record: CXX_FEATURE:1cxx_user_literals
    Feature record: CXX_FEATURE:1cxx_variable_templates
    Feature record: CXX_FEATURE:1cxx_variadic_macros
    Feature record: CXX_FEATURE:1cxx_variadic_templates


Detecting CXX [-std=c++14] compiler features compiled with the following output:
Change Dir: /projects/jnorhos/plumberg/EBE-vUSPhydro/EBE-Node/jaki_trento/build/CMakeFiles/CMakeTmp

Run Build Command:"/usr/bin/gmake" "cmTC_49e63/fast"
/usr/bin/gmake -f CMakeFiles/cmTC_49e63.dir/build.make CMakeFiles/cmTC_49e63.dir/build
gmake[1]: Entering directory `/projects/jnorhos/plumberg/EBE-vUSPhydro/EBE-Node/jaki_trento/build/CMakeFiles/CMakeTmp'
Building CXX object CMakeFiles/cmTC_49e63.dir/feature_tests.cxx.o
/usr/local/gcc/7.2.0/bin/c++    -std=c++14 -o CMakeFiles/cmTC_49e63.dir/feature_tests.cxx.o -c /projects/jnorhos/plumberg/EBE-vUSPhydro/EBE-Node/jaki_trento/build/CMakeFiles/feature_tests.cxx
Linking CXX executable cmTC_49e63
/usr/local/cmake/3.12.0/bin/cmake -E cmake_link_script CMakeFiles/cmTC_49e63.dir/link.txt --verbose=1
/usr/local/gcc/7.2.0/bin/c++       -rdynamic CMakeFiles/cmTC_49e63.dir/feature_tests.cxx.o  -o cmTC_49e63 
gmake[1]: Leaving directory `/projects/jnorhos/plumberg/EBE-vUSPhydro/EBE-Node/jaki_trento/build/CMakeFiles/CMakeTmp'


    Feature record: CXX_FEATURE:1cxx_aggregate_default_initializers
    Feature record: CXX_FEATURE:1cxx_alias_templates
    Feature record: CXX_FEATURE:1cxx_alignas
    Feature record: CXX_FEATURE:1cxx_alignof
    Feature record: CXX_FEATURE:1cxx_attributes
    Feature record: CXX_FEATURE:1cxx_attribute_deprecated
    Feature record: CXX_FEATURE:1cxx_auto_type
    Feature record: CXX_FEATURE:1cxx_binary_literals
    Feature record: CXX_FEATURE:1cxx_constexpr
    Feature record: CXX_FEATURE:1cxx_contextual_conversions
    Feature record: CXX_FEATURE:1cxx_decltype
    Feature record: CXX_FEATURE:1cxx_decltype_auto
    Feature record: CXX_FEATURE:1cxx_decltype_incomplete_return_types
    Feature record: CXX_FEATURE:1cxx_default_function_template_args
    Feature record: CXX_FEATURE:1cxx_defaulted_functions
    Feature record: CXX_FEATURE:1cxx_defaulted_move_initializers
    Feature record: CXX_FEATURE:1cxx_delegating_constructors
    Feature record: CXX_FEATURE:1cxx_deleted_functions
    Feature record: CXX_FEATURE:1cxx_digit_separators
    Feature record: CXX_FEATURE:1cxx_enum_forward_declarations
    Feature record: CXX_FEATURE:1cxx_explicit_conversions
    Feature record: CXX_FEATURE:1cxx_extended_friend_declarations
    Feature record: CXX_FEATURE:1cxx_extern_templates
    Feature record: CXX_FEATURE:1cxx_final
    Feature record: CXX_FEATURE:1cxx_func_identifier
    Feature record: CXX_FEATURE:1cxx_generalized_initializers
    Feature record: CXX_FEATURE:1cxx_generic_lambdas
    Feature record: CXX_FEATURE:1cxx_inheriting_constructors
    Feature record: CXX_FEATURE:1cxx_inline_namespaces
    Feature record: CXX_FEATURE:1cxx_lambdas
    Feature record: CXX_FEATURE:1cxx_lambda_init_captures
    Feature record: CXX_FEATURE:1cxx_local_type_template_args
    Feature record: CXX_FEATURE:1cxx_long_long_type
    Feature record: CXX_FEATURE:1cxx_noexcept
    Feature record: CXX_FEATURE:1cxx_nonstatic_member_init
    Feature record: CXX_FEATURE:1cxx_nullptr
    Feature record: CXX_FEATURE:1cxx_override
    Feature record: CXX_FEATURE:1cxx_range_for
    Feature record: CXX_FEATURE:1cxx_raw_string_literals
    Feature record: CXX_FEATURE:1cxx_reference_qualified_functions
    Feature record: CXX_FEATURE:1cxx_relaxed_constexpr
    Feature record: CXX_FEATURE:1cxx_return_type_deduction
    Feature record: CXX_FEATURE:1cxx_right_angle_brackets
    Feature record: CXX_FEATURE:1cxx_rvalue_references
    Feature record: CXX_FEATURE:1cxx_sizeof_member
    Feature record: CXX_FEATURE:1cxx_static_assert
    Feature record: CXX_FEATURE:1cxx_strong_enums
    Feature record: CXX_FEATURE:1cxx_template_template_parameters
    Feature record: CXX_FEATURE:1cxx_thread_local
    Feature record: CXX_FEATURE:1cxx_trailing_return_types
    Feature record: CXX_FEATURE:1cxx_unicode_literals
    Feature record: CXX_FEATURE:1cxx_uniform_initialization
    Feature record: CXX_FEATURE:1cxx_unrestricted_unions
    Feature record: CXX_FEATURE:1cxx_user_literals
    Feature record: CXX_FEATURE:1cxx_variable_templates
    Feature record: CXX_FEATURE:1cxx_variadic_macros
    Feature record: CXX_FEATURE:1cxx_variadic_templates


Detecting CXX [-std=c++11] compiler features compiled with the following output:
Change Dir: /projects/jnorhos/plumberg/EBE-vUSPhydro/EBE-Node/jaki_trento/build/CMakeFiles/CMakeTmp

Run Build Command:"/usr/bin/gmake" "cmTC_de92e/fast"
/usr/bin/gmake -f CMakeFiles/cmTC_de92e.dir/build.make CMakeFiles/cmTC_de92e.dir/build
gmake[1]: Entering directory `/projects/jnorhos/plumberg/EBE-vUSPhydro/EBE-Node/jaki_trento/build/CMakeFiles/CMakeTmp'
Building CXX object CMakeFiles/cmTC_de92e.dir/feature_tests.cxx.o
/usr/local/gcc/7.2.0/bin/c++    -std=c++11 -o CMakeFiles/cmTC_de92e.dir/feature_tests.cxx.o -c /projects/jnorhos/plumberg/EBE-vUSPhydro/EBE-Node/jaki_trento/build/CMakeFiles/feature_tests.cxx
Linking CXX executable cmTC_de92e
/usr/local/cmake/3.12.0/bin/cmake -E cmake_link_script CMakeFiles/cmTC_de92e.dir/link.txt --verbose=1
/usr/local/gcc/7.2.0/bin/c++       -rdynamic CMakeFiles/cmTC_de92e.dir/feature_tests.cxx.o  -o cmTC_de92e 
gmake[1]: Leaving directory `/projects/jnorhos/plumberg/EBE-vUSPhydro/EBE-Node/jaki_trento/build/CMakeFiles/CMakeTmp'


    Feature record: CXX_FEATURE:0cxx_aggregate_default_initializers
    Feature record: CXX_FEATURE:1cxx_alias_templates
    Feature record: CXX_FEATURE:1cxx_alignas
    Feature record: CXX_FEATURE:1cxx_alignof
    Feature record: CXX_FEATURE:1cxx_attributes
    Feature record: CXX_FEATURE:0cxx_attribute_deprecated
    Feature record: CXX_FEATURE:1cxx_auto_type
    Feature record: CXX_FEATURE:0cxx_binary_literals
    Feature record: CXX_FEATURE:1cxx_constexpr
    Feature record: CXX_FEATURE:0cxx_contextual_conversions
    Feature record: CXX_FEATURE:1cxx_decltype
    Feature record: CXX_FEATURE:0cxx_decltype_auto
    Feature record: CXX_FEATURE:1cxx_decltype_incomplete_return_types
    Feature record: CXX_FEATURE:1cxx_default_function_template_args
    Feature record: CXX_FEATURE:1cxx_defaulted_functions
    Feature record: CXX_FEATURE:1cxx_defaulted_move_initializers
    Feature record: CXX_FEATURE:1cxx_delegating_constructors
    Feature record: CXX_FEATURE:1cxx_deleted_functions
    Feature record: CXX_FEATURE:0cxx_digit_separators
    Feature record: CXX_FEATURE:1cxx_enum_forward_declarations
    Feature record: CXX_FEATURE:1cxx_explicit_conversions
    Feature record: CXX_FEATURE:1cxx_extended_friend_declarations
    Feature record: CXX_FEATURE:1cxx_extern_templates
    Feature record: CXX_FEATURE:1cxx_final
    Feature record: CXX_FEATURE:1cxx_func_identifier
    Feature record: CXX_FEATURE:1cxx_generalized_initializers
    Feature record: CXX_FEATURE:0cxx_generic_lambdas
    Feature record: CXX_FEATURE:1cxx_inheriting_constructors
    Feature record: CXX_FEATURE:1cxx_inline_namespaces
    Feature record: CXX_FEATURE:1cxx_lambdas
    Feature record: CXX_FEATURE:0cxx_lambda_init_captures
    Feature record: CXX_FEATURE:1cxx_local_type_template_args
    Feature record: CXX_FEATURE:1cxx_long_long_type
    Feature record: CXX_FEATURE:1cxx_noexcept
    Feature record: CXX_FEATURE:1cxx_nonstatic_member_init
    Feature record: CXX_FEATURE:1cxx_nullptr
    Feature record: CXX_FEATURE:1cxx_override
    Feature record: CXX_FEATURE:1cxx_range_for
    Feature record: CXX_FEATURE:1cxx_raw_string_literals
    Feature record: CXX_FEATURE:1cxx_reference_qualified_functions
    Feature record: CXX_FEATURE:0cxx_relaxed_constexpr
    Feature record: CXX_FEATURE:0cxx_return_type_deduction
    Feature record: CXX_FEATURE:1cxx_right_angle_brackets
    Feature record: CXX_FEATURE:1cxx_rvalue_references
    Feature record: CXX_FEATURE:1cxx_sizeof_member
    Feature record: CXX_FEATURE:1cxx_static_assert
    Feature record: CXX_FEATURE:1cxx_strong_enums
    Feature record: CXX_FEATURE:1cxx_template_template_parameters
    Feature record: CXX_FEATURE:1cxx_thread_local
    Feature record: CXX_FEATURE:1cxx_trailing_return_types
    Feature record: CXX_FEATURE:1cxx_unicode_literals
    Feature record: CXX_FEATURE:1cxx_uniform_initialization
    Feature record: CXX_FEATURE:1cxx_unrestricted_unions
    Feature record: CXX_FEATURE:1cxx_user_literals
    Feature record: CXX_FEATURE:0cxx_variable_templates
    Feature record: CXX_FEATURE:1cxx_variadic_macros
    Feature record: CXX_FEATURE:1cxx_variadic_templates


Detecting CXX [-std=c++98] compiler features compiled with the following output:
Change Dir: /projects/jnorhos/plumberg/EBE-vUSPhydro/EBE-Node/jaki_trento/build/CMakeFiles/CMakeTmp

Run Build Command:"/usr/bin/gmake" "cmTC_22778/fast"
/usr/bin/gmake -f CMakeFiles/cmTC_22778.dir/build.make CMakeFiles/cmTC_22778.dir/build
gmake[1]: Entering directory `/projects/jnorhos/plumberg/EBE-vUSPhydro/EBE-Node/jaki_trento/build/CMakeFiles/CMakeTmp'
Building CXX object CMakeFiles/cmTC_22778.dir/feature_tests.cxx.o
/usr/local/gcc/7.2.0/bin/c++    -std=c++98 -o CMakeFiles/cmTC_22778.dir/feature_tests.cxx.o -c /projects/jnorhos/plumberg/EBE-vUSPhydro/EBE-Node/jaki_trento/build/CMakeFiles/feature_tests.cxx
Linking CXX executable cmTC_22778
/usr/local/cmake/3.12.0/bin/cmake -E cmake_link_script CMakeFiles/cmTC_22778.dir/link.txt --verbose=1
/usr/local/gcc/7.2.0/bin/c++       -rdynamic CMakeFiles/cmTC_22778.dir/feature_tests.cxx.o  -o cmTC_22778 
gmake[1]: Leaving directory `/projects/jnorhos/plumberg/EBE-vUSPhydro/EBE-Node/jaki_trento/build/CMakeFiles/CMakeTmp'


    Feature record: CXX_FEATURE:0cxx_aggregate_default_initializers
    Feature record: CXX_FEATURE:0cxx_alias_templates
    Feature record: CXX_FEATURE:0cxx_alignas
    Feature record: CXX_FEATURE:0cxx_alignof
    Feature record: CXX_FEATURE:0cxx_attributes
    Feature record: CXX_FEATURE:0cxx_attribute_deprecated
    Feature record: CXX_FEATURE:0cxx_auto_type
    Feature record: CXX_FEATURE:0cxx_binary_literals
    Feature record: CXX_FEATURE:0cxx_constexpr
    Feature record: CXX_FEATURE:0cxx_contextual_conversions
    Feature record: CXX_FEATURE:0cxx_decltype
    Feature record: CXX_FEATURE:0cxx_decltype_auto
    Feature record: CXX_FEATURE:0cxx_decltype_incomplete_return_types
    Feature record: CXX_FEATURE:0cxx_default_function_template_args
    Feature record: CXX_FEATURE:0cxx_defaulted_functions
    Feature record: CXX_FEATURE:0cxx_defaulted_move_initializers
    Feature record: CXX_FEATURE:0cxx_delegating_constructors
    Feature record: CXX_FEATURE:0cxx_deleted_functions
    Feature record: CXX_FEATURE:0cxx_digit_separators
    Feature record: CXX_FEATURE:0cxx_enum_forward_declarations
    Feature record: CXX_FEATURE:0cxx_explicit_conversions
    Feature record: CXX_FEATURE:0cxx_extended_friend_declarations
    Feature record: CXX_FEATURE:0cxx_extern_templates
    Feature record: CXX_FEATURE:0cxx_final
    Feature record: CXX_FEATURE:0cxx_func_identifier
    Feature record: CXX_FEATURE:0cxx_generalized_initializers
    Feature record: CXX_FEATURE:0cxx_generic_lambdas
    Feature record: CXX_FEATURE:0cxx_inheriting_constructors
    Feature record: CXX_FEATURE:0cxx_inline_namespaces
    Feature record: CXX_FEATURE:0cxx_lambdas
    Feature record: CXX_FEATURE:0cxx_lambda_init_captures
    Feature record: CXX_FEATURE:0cxx_local_type_template_args
    Feature record: CXX_FEATURE:0cxx_long_long_type
    Feature record: CXX_FEATURE:0cxx_noexcept
    Feature record: CXX_FEATURE:0cxx_nonstatic_member_init
    Feature record: CXX_FEATURE:0cxx_nullptr
    Feature record: CXX_FEATURE:0cxx_override
    Feature record: CXX_FEATURE:0cxx_range_for
    Feature record: CXX_FEATURE:0cxx_raw_string_literals
    Feature record: CXX_FEATURE:0cxx_reference_qualified_functions
    Feature record: CXX_FEATURE:0cxx_relaxed_constexpr
    Feature record: CXX_FEATURE:0cxx_return_type_deduction
    Feature record: CXX_FEATURE:0cxx_right_angle_brackets
    Feature record: CXX_FEATURE:0cxx_rvalue_references
    Feature record: CXX_FEATURE:0cxx_sizeof_member
    Feature record: CXX_FEATURE:0cxx_static_assert
    Feature record: CXX_FEATURE:0cxx_strong_enums
    Feature record: CXX_FEATURE:1cxx_template_template_parameters
    Feature record: CXX_FEATURE:0cxx_thread_local
    Feature record: CXX_FEATURE:0cxx_trailing_return_types
    Feature record: CXX_FEATURE:0cxx_unicode_literals
    Feature record: CXX_FEATURE:0cxx_uniform_initialization
    Feature record: CXX_FEATURE:0cxx_unrestricted_unions
    Feature record: CXX_FEATURE:0cxx_user_literals
    Feature record: CXX_FEATURE:0cxx_variable_templates
    Feature record: CXX_FEATURE:0cxx_variadic_macros
    Feature record: CXX_FEATURE:0cxx_variadic_templates
Performing C++ SOURCE FILE Test CXX11 succeeded with the following output:
Change Dir: /projects/jnorhos/plumberg/EBE-vUSPhydro/EBE-Node/jaki_trento/build/CMakeFiles/CMakeTmp

Run Build Command:"/usr/bin/gmake" "cmTC_82888/fast"
/usr/bin/gmake -f CMakeFiles/cmTC_82888.dir/build.make CMakeFiles/cmTC_82888.dir/build
gmake[1]: Entering directory `/projects/jnorhos/plumberg/EBE-vUSPhydro/EBE-Node/jaki_trento/build/CMakeFiles/CMakeTmp'
Building CXX object CMakeFiles/cmTC_82888.dir/src.cxx.o
/usr/local/gcc/7.2.0/bin/c++    -DCXX11   -std=c++11 -o CMakeFiles/cmTC_82888.dir/src.cxx.o -c /projects/jnorhos/plumberg/EBE-vUSPhydro/EBE-Node/jaki_trento/build/CMakeFiles/CMakeTmp/src.cxx
Linking CXX executable cmTC_82888
/usr/local/cmake/3.12.0/bin/cmake -E cmake_link_script CMakeFiles/cmTC_82888.dir/link.txt --verbose=1
/usr/local/gcc/7.2.0/bin/c++   -DCXX11    -rdynamic CMakeFiles/cmTC_82888.dir/src.cxx.o  -o cmTC_82888 
gmake[1]: Leaving directory `/projects/jnorhos/plumberg/EBE-vUSPhydro/EBE-Node/jaki_trento/build/CMakeFiles/CMakeTmp'

Source file was:
int main() { return 0; }
